autoconf
automake
bash-completion
bat
bison
buildah
clang
clang-tools-extra
dbus-x11
distribution-gpg-keys
dnf-utils
emacs
exa
fd-find
fish
flex
gcc-c++
gedit
generic-release
git-delta
git-subtree
glibc-langpack-en
glx-utils
gnome-keyring
gnome-tweaks
httpd
hyperfine
libffi-devel
libgcc
libicu
libtool
libyaml-devel
mesa-dri-drivers
mesa-libGL
openssl
openssl-devel
podman
podman-compose
podman-docker
procs
python3-dnf-plugin-versionlock
racket
readline-devel
ripgrep
rlwrap
rsync
sd
skopeo
sqlite-devel
sway
tealdeer
texinfo
tokei
util-linux-user
vim-enhanced
wget
wslu
xdpyinfo
